106358100
106520883
106718544
106884873
107055768
107246262
107412166
107590777
107783284
107961262
108124696
108329023
108491618
108679832
108850406
109031984
109212809
109403600
109564152
109741209
109924347
110099925
110283135
110481915
110650930
110825668
111007804
111191581
111365155
111550204
111739556
111908951
112100864
112276892
112463267
112642628
112814412
113005269
113178906
113378610
113539965
113731416
113905297
114105844
114276100
114456037
114637480
114818497
115011647
115180379
115364630
115555280
115729145
115913468
116117040
116283234
116473590
116658474
116830143
117022041
117207295
117389377
117568294
117763696
117937552
118128205
118300285
118500575
118681058
118850105
119041031
119239991
119419673
119596800
119784390
119963115
120161256
120339945
120515049
120718672
120900307
121080016
121277026
121455382
121643452
121835870
122024099
122204525
122389055
122581409
122755745
122954291
123137922
123320526
123507498
123700893
123881334
124065507
124266955
124443379
