7692381
187256614
189713971
20768113
659565646
137590548
414601093
523443772
433565531
170332653
701990017
64521440
213947996
178484187
946989472
532464088
900818511
86956613
54388741
830862647
401591318
749529069
911821570
844652229
583006293
120059584
426107762
517261128
392984997
51995877
488329567
721361849
725362210
496790443
33596993
351068136
448730798
323440979
949409954
356394795
519958466
449631052
147810914
617110847
839904444
809040896
563442866
60204471
295617199
304217361
60663422
570772508
822458417
839536486
602200458
105062043
365945332
363686219
91279678
563285970
778273913
748905903
442133024
871421749
38114503
940133482
591155087
949595988
41665855
875942325
415202965
714354176
718854055
443180311
916475587
83195270
985068231
608448662
955769867
9515409
771470719
263669892
477658199
415526985
34627483
358610777
424369603
178812183
646169178
822599002
704378028
286237475
571554788
573337115
256453198
656283257
742485805
542362820
18699375
212180938
