8
59
0
112
0
0
16
6
24
38
30
10
60
11
5
12
83
32
135
64
149
17
0
0
0
68
16
5
56
48
60
2
0
58
0
28
0
0
64
96
8
0
44
4
26
0
12
12
55
163
51
38
198
180
16
0
10
36
0
34
39
18
0
0
24
15
2
0
0
28
42
40
0
0
24
4
22
3
8
50
40
23
0
35
13
32
50
34
0
8
18
3
22
0
24
53
25
0
5
64
33
37
164
0
2
47
280
6
32
30
0
20
0
180
10
16
36
0
0
98
3
0
0
16
22
48
71
44
8
40
0
0
4
56
36
116
176
64
18
106
26
4
0
8
72
44
38
0
26
14
121
0
189
139
64
20
3
297
0
11
32
60
0
0
8
0
0
48
5
0
0
11
16
34
2
48
36
10
23
12
23
0
8
12
72
72
69
5
64
30
64
16
129
0
19
64
24
0
0
40
40
27
0
13
10
18
16
22
15
0
0
146
112
0
44
32
0
69
32
6
16
66
16
10
13
0
32
8
127
5
16
25
28
67
313
0
44
76
39
31
28
0
29
179
48
12
8
184
6
0
15
153
103
101
8
110
58
0
10
33
8
96
40
4
58
67
8
24
33
0
8
21
49
40
27
188
24
44
182
9
63
0
196
16
122
128
24
1
144
0
0
4
12
18
0
36
16
18
12
6
34
120
15
0
92
20
16
16
32
11
22
0
62
0
26
39
0
16
70
0
32
16
0
0
16
82
0
2
12
9
78
196
6
28
10
26
24
22
0
65
165
87
32
0
120
0
70
16
7
20
0
12
55
100
9
96
0
52
80
16
9
77
0
0
42
18
77
60
4
16
147
12
44
0
4
0
44
0
8
0
75
44
0
23
36
7
43
38
24
113
40
0
34
0
32
12
120
114
8
0
68
41
20
18
5
13
0
35
0
22
20
40
4
27
8
42
1
32
0
48
0
10
54
34
0
83
20
11
8
0
0
8
0
10
32
54
70
23
20
35
6
0
25
34
46
0
0
12
0
0
192
24
77
7
12
91
34
4
30
13
40
8
5
0
40
36
32
12
101
20
8
7
0
40
12
0
5
64
1
63
0
16
14
4
9
140
39
20
8
36
33
6
32
66
0
2
44
20
5
12
24
48
6
12
0
70
8
48
77
1
2
48
26
210
20
24
11
96
17
0
34
107
215
5
0
72
22
35
21
36
0
30
69
12
7
132
40
40
40
53
8
0
4
16
12
19
0
168
16
349
0
29
36
32
8
22
4
48
0
25
20
14
18
0
36
190
5
8
52
63
1
50
0
75
18
0
7
46
32
34
80
4
10
120
12
82
0
20
8
12
28
27
1
16
16
24
14
0
8
48
16
6
40
46
94
32
34
59
40
26
14
18
48
16
65
12
36
53
104
0
28
8
32
0
208
42
0
8
81
13
24
48
12
4
253
10
43
0
0
68
45
0
5
36
40
78
12
28
8
24
0
76
6
16
8
116
0
18
12
4
9
0
32
44
8
18
12
24
20
125
63
6
8
18
33
0
0
22
0
16
24
0
129
526
70
0
80
2
15
50
0
34
84
52
0
64
24
64
22
42
153
8
57
0
197
32
106
56
66
16
13
46
11
90
73
96
78
89
40
24
6
9
30
0
16
18
21
12
15
31
78
0
0
16
26
32
0
10
16
16
16
0
26
208
80
8
4
0
110
27
10
10
23
24
48
17
0
5
216
66
48
24
43
44
34
16
19
0
97
48
41
6
82
46
40
48
2
74
22
108
51
79
0
11
0
24
0
20
102
17
40
8
10
38
80
16
111
17
11
1
16
62
32
190
0
64
80
4
50
128
16
100
36
9
26
12
19
212
16
24
40
33
0
8
16
0
240
48
94
96
231
20
9
16
68
52
10
0
120
12
0
15
0
12
8
24
17
19
290
0
6
28
98
19
0
0
24
0
72
80
34
40
80
35
8
0
15
0
16
94
32
17
4
20
0
10
0
19
11
0
48
107
27
10
18
8
77
112
99
6
4
5
47
10
63
16
0
57
32
4
14
102
26
25
52
80
56
64
56
16
30
10
0
48
12
32
24
8
103
32
8
13
37
41
0
26
10
4
68
20
27
35
30
0
284
18
0
6
0
0
8
68
0
12
0
16
0
9
14
287
31
89
129
60
48
16
72
0
4
223
0
12
0
0
4
10
64
99
184
7
19
36
20
12
7
3
86
126
50
82
36
18
26
6
4
0
3
52
11
19
8
112
32
49
52
10
10
12
10
0
0
72
24
68
3
6
10
30
64
42
0
62
26
23
0
88
39
6
32
236
0
33
13
52
0
4
0
4
66
160
0
0
18
7
0
44
129
13
8
38
0
27
0
20
56
0
57
2
54
44
73
55
12
0
17
130
2
12
16
62
8
0
48
8
0
8
64
0
104
120
1
6
14
62
12
96
34
34
0
31
0
72
36
0
28
104
24
0
6
54
37
20
8
48
0
4
60
0
56
11
0
32
10
33
96
68
1
151
16
20
38
158
150
125
0
22
0
28
16
8
32
100
59
16
55
36
32
10
4
0
18
100
36
148
0
18
147
0
2
16
0
2
0
442
93
24
12
32
32
8
36
0
24
73
0
19
66
0
4
35
32
12
122
40
10
20
0
36
47
8
48
0
32
36
16
162
0
0
16
16
16
9
4
24
16
0
96
18
33
130
94
8
22
96
76
8
20
16
0
60
194
4
16
20
82
16
20
21
24
0
26
0
0
4
20
24
16
20
6
24
16
4
0
87
17
48
0
10
12
3
12
0
0
68
28
128
0
178
54
0
96
8
8
8
6
54
28
20
10
81
4
0
66
40
50
134
3
28
32
123
21
41
4
0
43
0
80
32
19
20
8
86
24
16
0
12
8
58
19
0
24
54
16
0
10
40
0
16
12
32
25
18
0
12
16
11
12
0
80
57
26
103
5
251
8
16
0
32
4
8
16
0
10
12
0
32
8
10
98
10
114
16
48
62
224
6
58
0
0
5
12
40
104
30
32
20
32
0
0
14
46
34
4
24
34
42
32
59
20
0
11
32
26
14
10
40
0
0
16
12
48
0
24
16
74
16
69
0
68
661
16
68
24
6
18
0
63
49
35
0
0
0
24
4
0
0
16
49
20
0
14
102
0
48
3
32
12
0
4
8
11
80
22
15
65
10
134
12
31
11
57
64
16
8
8
64
0
22
14
0
10
131
61
72
82
0
64
0
26
0
16
24
0
17
4
84
48
4
0
24
153
12
0
20
21
12
7
122
66
0
16
84
50
0
28
169
0
14
8
48
198
0
20
29
4
18
40
72
24
182
24
12
10
32
10
9
52
72
116
36
44
5
18
76
112
0
5
0
0
145
12
27
24
0
227
16
36
6
70
68
28
9
56
18
42
18
60
76
8
98
0
18
60
128
105
32
29
17
0
6
97
0
8
8
10
36
0
0
4
140
88
40
24
34
65
20
54
40
16
0
119
10
0
48
32
78
40
0
24
0
0
96
25
24
12
16
79
6
81
12
2
8
81
36
35
5
0
69
36
9
56
57
67
64
16
105
32
45
8
66
12
8
82
94
33
8
7
20
12
48
37
64
90
40
20
138
228
12
161
24
278
24
40
20
24
0
104
212
36
8
62
16
0
5
26
8
12
21
28
0
12
16
68
0
224
96
56
20
24
33
48
96
0
6
32
0
0
32
10
0
0
128
20
436
5
0
8
147
2
24
44
124
25
0
0
35
34
16
56
20
183
95
31
10
11
16
66
12
28
20
19
4
210
4
0
0
64
80
12
4
0
0
0
0
32
64
26
0
70
0
16
132
0
10
90
48
27
4
16
25
102
5
83
32
1
36
0
74
16
27
21
2
0
0
32
60
6
11
17
0
64
40
28
50
0
0
8
52
90
17
10
40
8
14
46
66
32
100
16
138
0
96
24
117
12
0
10
5
12
0
0
0
64
36
64
79
24
70
28
67
9
20
249
97
10
40
26
32
26
42
4
70
94
14
4
9
28
38
4
42
0
0
0
31
48
6
0
0
0
2
10
24
16
0
20
0
24
2
0
0
12
36
15
28
20
16
10
20
0
64
0
50
8
31
46
50
99
18
32
24
28
22
24
0
0
24
60
14
6
144
4
22
0
37
40
0
25
36
16
8
40
16
63
4
69
6
0
0
176
57
40
52
22
61
0
10
117
24
54
8
8
26
22
8
63
24
9
20
11
0
28
90
120
4
144
18
0
0
24
12
32
35
34
370
26
20
0
64
19
172
28
12
0
16
20
5
52
34
18
16
48
6
40
6
132
7
5
8
144
2
104
32
73
26
131
18
0
56
67
66
80
50
0
0
42
128
4
24
8
0
5
42
4
64
21
10
23
5
28
3
48
24
192
11
10
52
23
22
20
20
24
21
20
10
14
0
4
60
68
28
17
16
0
114
21
289
11
12
66
10
0
35
5
56
112
38
0
42
44
17
0
0
34
87
26
160
101
18
140
83
65
34
0
0
7
66
0
56
38
360
12
16
0
0
32
0
68
56
60
38
0
40
14
16
40
79
17
0
16
8
21
6
12
28
130
53
0
8
0
36
0
4
41
152
0
65
17
12
0
9
21
8
68
50
13
0
58
160
6
112
18
427
8
18
20
29
27
0
48
34
16
67
2
8
40
1
15
56
25
68
7
12
0
38
134
48
0
124
16
82
16
18
24
12
11
6
200
12
17
16
2
16
10
0
165
0
81
0
12
24
23
43
80
0
25
17
14
26
0
0
106
0
60
64
18
4
136
42
72
10
9
0
0
120
64
16
12
0
49
12
37
56
14
0
0
2
9
0
10
46
0
16
32
16
28
16
36
15
6
63
48
16
7
8
162
8
107
17
0
18
32
26
16
33
242
64
0
12
0
47
0
0
34
20
22
4
123
29
52
16
16
4
6
0
32
40
0
0
40
20
51
68
139
36
66
36
4
236
22
43
42
0
52
18
0
4
6
38
0
4
16
10
53
6
92
13
19
0
34
32
84
154
18
24
18
0
16
2
8
0
0
8
10
0
12
16
0
54
0
8
9
12
20
16
42
92
32
0
28
20
15
40
16
41
8
0
111
4
16
48
108
56
20
31
0
14
2
0
0
4
18
16
102
147
70
36
102
26
0
0
18
4
9
9
0
12
190
9
32
24
24
20
0
23
0
55
594
216
0
75
0
16
27
12
20
8
88
24
4
28
0
0
32
42
6
16
0
42
24
128
0
10
40
46
0
96
0
40
18
52
0
10
14
28
138
34
4
48
16
0
17
56
0
0
0
27
0
4
34
12
24
26
50
19
67
29
13
293
16
32
48
22
0
24
11
3
0
98
0
23
5
30
10
76
8
10
46
0
16
6
48
38
23
8
24
44
32
16
5
1
49
8
0
1
74
16
0
0
40
8
0
46
20
16
4
14
4
75
57
56
156
18
0
0
24
30
4
0
0
0
32
32
0
0
56
0
87
8
32
24
98
0
16
20
28
3
60
136
38
20
124
18
0
0
36
38
187
16
0
0
30
192
27
5
32
32
91
20
190
31
0
26
120
0
0
36
77
8
0
0
8
0
94
63
17
65
6
0
41
41
55
0
147
24
6
0
16
24
0
33
40
0
0
0
8
9
12
16
12
34
26
21
16
0
0
24
0
48
52
34
65
0
113
37
16
29
18
54
3
106
24
32
3
4
16
6
40
18
20
59
41
34
74
16
64
0
36
27
54
208
64
72
32
3
116
181
32
52
31
28
76
23
0
8
24
8
11
10
0
105
76
42
0
55
46
64
165
22
5
5
0
46
1
6
60
4
28
32
0
0
2
4
48
8
28
40
20
8
0
0
6
45
0
55
4
68
44
52
10
8
36
95
33
28
44
26
26
276
56
17
165
32
28
16
3
16
16
130
64
24
14
0
15
34
36
145
2
95
16
0
14
0
60
20
78
0
24
10
46
0
4
6
36
40
32
12
11
20
41
36
19
48
0
0
107
31
40
35
50
0
12
37
0
213
6
20
18
24
36
24
38
8
20
10
0
10
8
15
28
18
84
0
8
26
0
36
64
0
24
89
8
45
20
46
0
0
2
0
38
28
21
12
0
52
27
13
4
0
2
17
7
42
2
59
18
24
10
12
0
104
14
12
3
48
18
24
81
36
30
19
4
88
285
12
24
44
19
47
54
56
32
17
28
23
37
12
0
29
53
24
58
272
14
22
141
111
56
0
116
10
0
295
47
0
20
16
0
0
18
3
53
241
56
51
40
12
24
22
12
8
12
36
16
22
32
8
2
0
28
77
32
12
1
20
11
54
24
0
0
0
40
17
0
8
112
194
26
16
0
17
8
16
66
16
12
12
7
10
6
7
32
16
72
81
0
25
33
0
36
80
12
156
34
0
12
88
86
7
0
18
58
26
76
0
12
128
14
64
64
120
12
34
61
12
111
78
0
0
18
61
10
6
2
118
20
76
0
4
52
64
0
104
8
14
43
24
129
0
50
12
32
4
67
16
8
26
0
0
12
34
4
0
37
122
32
33
52
18
0
16
24
18
38
0
0
67
0
16
10
40
5
21
16
0
48
15
9
6
52
46
0
127
15
12
96
6
59
58
6
110
64
16
68
9
32
256
96
13
0
0
9
51
15
28
29
17
264
49
24
22
9
40
0
12
0
11
32
251
60
18
44
36
80
20
52
18
10
64
20
48
0
0
4
37
17
523
20
2
172
98
2
64
0
11
12
26
0
35
180
24
194
39
66
17
52
171
18
8
61
22
16
20
24
20
24
22
11
88
17
16
9
36
8
0
93
4
0
44
0
20
8
4
0
24
0
0
13
6
12
16
22
100
5
0
37
24
38
0
32
4
0
87
12
142
10
14
46
62
16
48
0
25
0
104
30
18
24
92
14
11
40
14
13
0
24
48
46
9
10
13
16
0
8
92
0
8
188
34
0
41
20
3
2
0
0
129
0
103
1
312
26
27
24
79
0
0
0
28
0
24
34
32
0
101
21
27
33
20
36
46
60
0
0
0
19
48
145
8
0
24
39
0
0
30
16
13
11
4
76
5
0
146
20
54
32
54
130
74
30
0
77
16
70
351
48
0
55
0
20
6
0
0
6
9
30
15
3
0
29
0
69
11
22
24
90
16
32
36
0
7
80
6
94
57
45
4
0
44
0
0
8
19
28
24
30
10
40
64
40
49
20
67
16
16
0
15
0
24
21
51
19
16
0
20
42
77
12
0
98
14
20
16
32
48
0
24
60
9
80
0
113
24
32
32
88
0
12
24
172
48
24
32
24
12
28
0
0
0
21
72
78
23
8
21
91
72
120
442
11
0
32
112
44
40
2
8
24
19
19
18
32
8
6
20
7
136
32
0
32
32
6
36
120
16
46
20
0
0
48
28
29
20
6
23
32
124
18
16
40
32
26
20
65
12
48
8
103
23
0
0
0
0
0
0
0
128
0
36
8
0
8
46
32
77
24
0
12
140
16
102
32
39
27
76
37
12
32
91
6
56
12
24
38
13
132
63
20
0
6
1
16
40
24
50
132
0
20
29
16
16
42
32
26
40
13
96
0
20
36
3
24
98
0
0
192
58
16
148
94
132
80
384
24
8
0
175
0
177
8
43
9
16
0
32
29
32
16
19
22
93
0
20
0
24
42
128
4
15
36
197
24
32
32
8
0
12
6
15
12
8
3
49
12
16
40
22
16
12
4
13
34
16
0
24
32
0
8
26
26
51
362
100
0
0
0
24
0
0
96
16
32
0
0
16
40
16
16
10
0
34
77
8
0
40
0
9
48
143
96
13
117
68
12
44
36
51
0
10
0
0
87
8
10
12
64
2
18
88
18
28
20
10
7
4
18
2
41
41
22
8
24
10
32
14
10
16
50
134
15
32
0
0
6
7
0
67
33
12
23
8
12
45
48
2
80
200
64
32
223
87
55
52
34
24
32
16
78
95
11
36
7
4
72
10
21
8
27
44
4
20
7
0
25
24
140
115
8
0
0
12
19
129
0
32
233
0
8
7
0
0
8
47
120
188
1
10
0
24
8
7
16
0
17
16
7
8
40
20
0
8
10
23
200
28
10
0
0
82
27
4
28
0
18
12
0
39
16
5
14
18
40
0
82
134
59
24
6
32
50
22
128
0
14
74
6
19
0
137
24
67
24
48
11
16
57
66
100
0
0
0
52
376
24
21
24
26
28
33
0
10
48
34
16
0
6
0
26
7
8
9
0
16
48
16
32
10
16
136
0
0
32
12
77
0
70
5
15
31
64
144
41
136
46
0
33
0
48
23
2
32
18
40
74
29
96
4
27
6
144
16
22
0
0
0
0
46
30
105
4
30
67
2
11
34
20
8
36
72
6
89
48
0
12
0
84
0
16
58
88
8
18
200
0
21
0
70
24
20
10
26
52
10
3
0
20
23
0
0
8
56
16
0
10
23
0
0
24
96
24
0
58
8
35
48
20
81
20
13
0
4
0
0
15
6
9
28
91
15
18
40
8
0
53
12
21
8
79
0
19
0
28
16
6
0
34
90
17
20
8
16
16
0
73
11
176
18
20
64
28
16
0
55
41
56
144
27
0
16
0
0
57
0
12
0
8
65
16
8
0
17
0
17
25
0
36
96
9
22
51
0
50
36
16
21
4
47
151
37
21
0
5
0
48
0
70
32
0
0
47
9
2
20
2
10
36
48
44
6
46
0
48
59
42
10
16
0
11
10
0
22
1
36
16
12
4
20
33
0
115
18
32
8
8
0
72
9
4
36
14
16
0
23
24
5
0
16
238
0
16
26
128
161
18
24
0
143
18
49
54
54
0
32
24
60
0
50
252
4
0
12
18
32
31
16
17
12
34
18
11
48
0
136
30
8
52
57
40
80
9
85
25
17
46
46
55
8
28
2
28
68
10
10
0
24
0
6
20
24
8
15
14
12
17
4
16
0
26
12
22
3
36
0
4
8
113
0
53
6
6
11
108
64
242
0
0
8
16
0
10
16
0
28
195
6
12
7
308
26
36
0
20
70
32
0
11
13
77
0
24
0
80
426
47
88
18
20
35
128
0
22
24
0
20
61
14
78
0
5
64
93
40
3
15
18
0
154
0
39
16
40
22
86
32
24
143
84
16
138
145
46
108
23
2
177
0
48
22
0
108
0
0
67
89
40
16
0
0
0
0
16
32
44
102
43
0
22
120
12
102
0
9
31
51
21
6
4
64
0
140
40
0
12
0
0
0
24
0
17
0
24
25
0
72
6
10
17
0
2
4
8
34
16
40
34
16
32
14
0
40
0
0
72
32
37
22
17
7
4
4
20
82
23
36
68
0
12
30
8
135
25
0
64
16
18
89
0
56
4
9
46
0
38
11
51
2
34
16
118
32
0
28
4
14
0
0
30
4
7
0
11
44
81
72
5
74
0
8
0
0
129
27
32
28
16
120
0
43
2
20
24
8
40
7
18
35
12
0
18
12
54
15
17
197
32
46
44
16
121
16
24
0
12
12
80
16
38
74
0
8
32
0
25
24
6
13
8
41
270
4
25
34
18
17
0
70
46
36
56
0
0
28
0
32
13
39
18
56
132
18
16
84
48
32
22
50
24
27
58
0
112
15
220
3
13
80
20
16
0
23
0
47
32
10
4
4
47
45
10
58
0
37
43
21
14
758
26
0
8
116
0
11
6
0
0
12
9
3
1
374
3
68
9
22
12
0
50
0
8
26
52
20
11
0
16
0
44
100
24
16
80
66
0
30
6
30
68
15
52
20
0
22
40
64
21
71
45
16
170
16
12
18
48
40
6
81
65
12
34
40
95
32
44
0
0
0
0
57
6
9
4
8
13
112
163
61
255
0
1
16
41
91
8
90
20
8
50
52
22
0
48
2
0
24
0
0
491
9
8
4
40
0
34
112
10
64
40
18
9
12
93
8
5
22
43
8
12
4
14
60
20
16
19
2
20
24
1
8
30
19
72
20
0
19
34
36
68
19
183
18
73
28
20
8
8
36
24
118
0
16
64
12
32
0
0
41
52
53
10
0
26
28
36
66
6
256
121
0
36
13
76
0
216
76
16
12
8
0
17
47
4
37
0
89
42
64
96
26
100
13
40
200
17
42
8
0
58
57
208
12
48
9
16
18
12
68
18
58
344
6
18
34
12
24
0
4
20
4
64
24
8
4
16
206
77
60
138
64
12
0
13
88
0
216
8
26
6
48
36
56
0
34
24
0
15
28
3
4
93
8
68
0
32
26
8
16
0
124
2
0
0
16
30
12
0
384
20
28
24
0
63
0
288
0
12
36
20
25
32
26
8
34
82
48
18
22
24
12
2
27
16
0
66
12
6
12
51
3
145
5
12
24
8
74
64
24
50
16
24
8
18
88
66
72
58
0
3
40
38
52
158
17
57
76
40
57
9
49
0
36
18
6
0
26
18
0
0
20
12
36
24
18
36
41
0
96
33
80
28
46
41
134
53
16
2
36
0
40
56
16
28
40
8
138
48
0
13
2
94
0
5
28
11
4
170
0
40
0
8
18
19
9
48
0
56
67
14
8
9
174
27
34
16
18
0
17
34
81
7
16
34
0
6
5
4
0
64
36
11
68
32
30
22
8
8
96
17
141
32
18
10
0
39
45
4
12
8
3
36
94
18
27
290
44
22
16
18
80
16
105
122
24
112
1
20
8
86
0
8
116
0
6
15
0
8
32
237
0
36
68
41
72
65
18
7
4
16
58
6
0
12
12
68
13
50
5
4
66
27
82
34
55
20
12
9
92
9
0
26
6
0
143
18
12
90
0
216
0
12
32
34
0
0
0
64
18
12
183
18
40
16
99
205
20
72
38
24
80
0
24
28
28
777
9
0
35
6
120
239
8
9
4
10
14
18
7
24
68
120
24
8
36
0
0
48
75
0
20
24
19
68
54
18
66
22
0
0
21
200
0
32
2
94
12
48
72
8
36
287
78
0
0
0
62
6
14
24
0
16
36
21
0
10
50
48
32
2
32
31
25
64
0
6
28
26
16
0
102
20
61
248
17
40
8
21
446
32
3
6
0
0
84
51
32
17
36
4
12
66
0
8
52
48
10
18
0
0
64
0
64
69
66
11
225
14
6
0
12
20
79
0
104
62
8
16
94
32
0
0
12
14
24
17
0
157
40
6
32
20
100
107
131
24
0
103
8
24
28
6
0
110
93
0
52
61
0
125
21
20
0
0
5
8
8
20
8
8
17
21
48
12
8
73
24
0
8
24
37
8
0
47
88
21
42
0
58
80
0
44
42
0
32
100
7
24
63
42
0
53
0
224
111
36
46
0
0
4
43
40
8
9
80
20
10
64
0
3
4
47
87
6
3
12
0
24
4
16
31
7
0
15
10
12
20
0
16
0
152
20
17
21
64
62
4
20
90
151
16
108
45
10
82
9
16
50
4
16
40
69
32
6
29
8
24
64
36
11
24
18
28
16
10
54
44
64
36
24
40
18
4
128
27
16
128
40
16
39
426
20
36
0
280
0
12
64
0
6
32
66
47
16
32
51
7
0
44
44
18
204
6
0
8
16
32
0
0
0
0
34
154
0
30
0
32
14
0
102
0
10
31
44
24
63
21
63
0
271
8
35
13
4
48
130
0
28
10
28
11
0
9
122
17
0
1
12
16
20
181
24
32
4
16
0
40
76
10
68
341
0
35
33
20
34
35
4
108
74
80
0
94
20
19
8
52
36
10
0
0
16
20
12
129
0
12
37
4
16
0
40
39
26
242
34
0
93
32
0
0
78
24
26
26
28
77
76
64
19
224
52
31
8
155
14
93
26
54
12
6
0
85
36
0
52
27
144
22
48
5
0
20
15
0
6
16
10
40
56
23
35
10
56
6
83
60
8
12
40
0
4
12
28
0
0
64
28
0
0
32
46
32
44
24
20
32
6
8
28
26
48
34
60
0
6
0
11
24
22
9
4
36
14
22
15
26
13
88
0
3
10
8
12
12
0
98
0
8
0
24
10
18
32
6
40
34
0
3
16
12
0
64
22
17
68
128
0
59
24
8
27
56
8
66
10
6
0
15
4
0
24
46
20
40
9
0
30
69
16
86
0
49
0
40
5
0
28
0
45
36
27
50
0
0
32
20
86
27
24
16
72
36
70
6
22
4
0
100
18
32
62
16
0
0
11
16
83
45
16
4
16
14
26
9
19
134
8
18
62
9
33
0
124
16
40
64
16
12
60
45
20
18
32
103
0
48
20
20
24
8
18
32
37
7
0
47
0
20
8
15
0
2
0
68
16
24
72
0
45
0
53
5
0
12
12
28
30
8
96
38
4
66
4
166
24
0
58
6
4
20
68
0
7
20
20
12
0
82
17
78
64
32
0
24
43
44
0
76
0
23
32
51
19
16
44
8
34
15
48
51
0
81
34
19
102
78
10
64
101
59
30
237
17
18
34
32
12
128
14
119
48
16
8
64
103
22
1
250
39
36
18
57
17
45
18
8
81
41
50
36
50
0
0
65
18
54
26
12
112
7
79
31
32
0
34
104
0
172
94
0
4
276
10
12
36
16
48
11
0
22
0
0
18
34
115
0
28
117
7
64
0
12
12
220
80
3
0
68
0
4
16
0
14
16
134
54
0
64
124
32
2
4
58
71
0
13
46
72
70
0
228
167
6
24
4
1
12
16
2
14
25
11
17
16
0
89
0
50
55
8
24
0
17
148
8
16
28
0
16
86
0
110
34
27
16
0
3
0
24
22
10
22
10
16
8
16
0
27
32
8
18
40
24
0
40
18
0
216
26
68
0
24
10
20
40
5
67
48
4
45
108
40
16
68
31
12
138
0
0
20
0
0
1
250
168
104
118
64
45
198
8
59
9
8
58
0
108
0
34
0
97
0
0
31
4
34
32
112
48
18
0
147
0
4
0
16
0
0
48
28
112
64
0
76
2
32
64
12
32
72
232
11
20
0
12
12
18
12
32
6
8
8
1
0
24
88
9
18
68
98
0
9
36
4
0
8
0
143
420
10
19
8
186
40
51
4
0
17
0
10
40
24
20
49
41
48
0
0
31
19
39
32
32
2
0
32
8
58
12
66
56
0
8
31
16
8
0
36
19
0
0
28
34
10
17
0
16
2
28
142
12
9
65
0
0
0
71
16
13
8
20
97
0
4
4
16
0
32
18
9
102
0
8
21
46
20
8
71
7
64
36
50
251
91
24
32
0
6
8
0
40
0
10
0
32
0
24
32
56
8
10
16
0
4
7
32
0
4
20
8
0
12
130
12
20
20
0
9
0
20
16
4
15
8
0
69
0
18
0
24
29
0
24
16
18
0
29
6
38
0
0
33
0
54
59
20
32
0
0
60
6
40
0
67
5
16
64
8
6
12
120
4
0
34
55
2
16
144
0
16
0
107
0
11
12
16
0
28
20
40
8
4
14
48
75
22
10
8
81
12
0
32
52
2
8
30
0
8
18
16
0
32
19
133
27
38
72
0
13
20
73
19
0
26
28
20
219
14
55
0
0
56
0
22
11
2
265
160
0
24
10
36
22
0
9
17
72
0
16
64
64
0
21
8
22
28
7
15
38
0
16
18
6
178
24
8
20
64
32
16
0
3
15
253
35
0
192
21
0
112
22
8
130
0
17
32
20
2
6
17
0
25
0
30
8
49
17
52
76
18
17
17
16
68
99
154
52
8
0
8
18
39
48
316
4
31
20
26
80
64
24
20
327
16
255
50
0
6
27
48
8
23
16
10
0
31
17
96
243
2
98
90
54
48
8
42
10
16
0
16
0
32
93
66
19
8
0
0
25
45
15
190
6
26
29
24
48
57
130
18
88
0
4
123
57
36
10
44
20
34
264
4
28
80
0
203
2
11
0
33
116
20
30
0
20
18
24
17
6
0
21
0
16
320
0
18
24
0
40
96
8
55
6
20
20
0
89
17
68
192
0
29
46
352
32
0
66
4
6
32
10
56
16
3
6
26
36
12
48
15
14
16
28
48
82
216
52
6
0
0
12
48
0
3
57
12
4
48
53
86
7
53
30
24
137
97
0
188
24
4
9
68
22
9
24
70
2
0
26
40
40
101
18
20
12
61
16
56
2
0
12
48
2
33
32
0
16
2
18
33
8
69
22
37
0
25
6
0
24
0
70
0
88
0
40
0
130
0
0
128
24
20
24
10
19
6
54
125
20
16
46
2
27
0
13
4
10
4
40
25
136
44
0
24
80
0
29
0
61
14
72
25
10
16
10
10
10
82
64
25
12
18
60
16
55
20
40
153
111
14
46
4
12
83
43
14
53
8
36
36
0
0
170
8
30
20
184
9
35
16
16
32
70
37
4
6
83
0
39
96
48
38
21
24
20
7
36
62
22
22
30
7
30
32
23
8
7
9
8
4
14
32
48
10
18
44
32
59
0
41
0
34
67
54
0
0
28
165
4
16
144
48
26
8
2
134
24
42
5
151
5
63
4
12
10
12
11
3
8
26
8
18
12
16
20
27
62
21
25
4
44
263
92
13
24
57
42
2
40
0
14
32
28
34
34
2
65
107
28
0
32
32
48
24
12
30
24
32
92
187
16
0
0
80
78
8
0
40
0
27
0
51
0
2
48
6
0
41
20
27
0
0
190
26
34
40
0
10
14
0
179
32
34
40
32
20
72
39
81
37
7
72
24
13
28
84
0
0
12
13
16
15
0
127
16
0
30
0
84
67
10
10
51
19
96
73
28
0
6
0
56
84
4
24
12
224
40
46
96
144
0
32
40
9
74
6
52
28
20
22
0
48
0
48
0
14
4
36
130
128
10
26
37
6
0
80
8
20
25
202
12
32
98
26
0
24
49
8
0
13
200
56
8
42
0
232
12
65
32
26
0
17
36
5
16
112
20
56
51
42
23
0
23
14
64
113
8
46
33
165
189
43
10
88
12
45
48
41
28
0
30
5
64
24
25
0
0
0
176
0
66
54
0
3
24
18
0
32
20
0
99
24
84
7
16
0
2
33
10
38
123
2
27
66
0
0
0
4
19
31
30
34
96
28
20
0
202
0
330
25
82
116
46
82
12
32
54
49
0
16
42
45
0
125
69
0
65
3
140
2
36
32
40
6
16
24
0
8
4
2
44
16
16
0
24
0
127
26
190
3
8
32
16
8
289
28
128
6
47
8
48
114
57
13
0
29
23
206
59
172
94
12
0
0
64
0
31
10
24
23
18
0
10
44
20
2
3
27
15
4
0
86
0
0
44
19
33
64
45
62
0
119
0
16
41
8
9
37
6
91
16
22
106
8
70
0
0
2
0
0
22
11
23
7
0
16
96
30
27
164
76
12
0
0
4
4
44
15
11
128
100
95
0
83
8
31
74
0
60
10
1
218
44
22
12
40
12
40
0
0
0
18
77
0
5
18
18
39
17
9
14
9
0
6
40
4
113
20
9
36
8
8
18
68
6
63
255
466
63
65
8
16
32
0
33
0
38
12
36
24
38
0
32
6
4
8
13
16
8
52
17
24
24
0
12
174
2
8
63
246
32
96
3
67
17
115
186
0
102
64
38
58
2
0
2
0
18
0
48
8
16
40
52
8
3
42
27
108
36
56
104
9
96
68
6
0
16
74
122
0
32
44
6
22
16
33
8
129
0
27
55
8
0
153
30
54
42
17
0
4
7
0
30
16
28
6
0
0
18
56
11
48
40
58
10
9
32
46
80
34
112
8
11
54
4
36
61
29
2
57
22
128
36
81
112
63
47
28
18
92
0
0
57
32
8
8
0
20
24
0
23
76
18
44
98
0
44
68
0
209
7
12
30
12
16
54
0
40
36
48
475
8
0
36
28
28
10
0
54
4
15
2
104
0
6
28
62
44
0
15
48
185
0
20
8
0
33
24
26
64
64
3
16
0
0
142
22
13
32
6
18
136
12
252
32
78
123
2
32
63
0
120
20
0
8
0
16
0
16
26
0
4
40
88
12
206
2
45
21
8
9
12
14
0
12
3
33
18
6
34
58
0
9
14
0
72
24
40
10
36
34
32
64
1
32
109
30
12
3
56
0
24
52
14
49
28
4
26
14
28
53
16
2
16
7
4
41
36
16
0
12
22
63
54
0
32
40
31
44
7
74
34
108
4
33
0
0
65
0
8
0
0
0
0
0
72
12
24
63
34
18
24
72
23
64
44
32
24
159
32
4
22
24
24
0
0
76
20
8
36
0
28
52
18
0
56
20
68
0
21
92
0
120
0
17
4
25
8
26
16
0
146
17
31
28
0
37
4
9
0
28
12
87
20
0
4
75
40
25
24
8
10
11
120
91
2
10
23
72
9
242
46
113
0
233
13
28
16
112
32
28
94
13
0
32
42
82
98
5
20
8
50
158
19
12
8
8
16
9
80
33
4
49
5
18
48
101
36
24
0
52
0
0
16
45
11
58
16
12
23
0
9
52
0
24
150
8
46
8
0
26
0
36
16
26
22
36
0
40
18
86
52
24
24
21
16
11
19
431
0
48
0
25
40
12
2
64
8
28
174
0
14
24
16
302
21
32
4
0
33
32
0
18
184
26
80
0
1
80
28
26
139
6
66
8
0
64
8
52
0
72
34
16
7
0
62
6
58
145
43
27
4
32
16
182
10
0
35
14
12
20
16
68
0
24
0
16
18
72
0
15
0
10
12
22
0
37
33
14
112
0
30
36
29
56
16
0
34
64
4
0
8
8
11
299
7
12
24
14
5
52
24
63
16
182
41
24
32
96
3
19
0
8
0
37
16
21
82
29
58
16
45
16
73
106
16
18
6
72
161
8
0
8
252
87
14
17
47
43
5
24
10
77
0
72
20
12
24
67
12
16
18
0
44
6
84
19
44
12
42
8
64
3
1
34
6
20
8
24
28
15
73
24
32
33
17
8
23
9
40
16
14
16
28
16
14
0
159
32
4
37
68
48
0
5
0
8
130
20
136
69
98
217
80
69
0
16
20
220
46
16
57
4
492
27
16
52
16
22
8
48
4
16
6
12
114
3
2
10
2
32
16
0
11
88
47
6
52
16
10
11
68
0
6
9
28
16
52
146
175
21
71
68
8
0
51
38
0
38
24
0
767
89
51
6
80
22
46
52
44
36
14
0
28
12
15
90
44
6
0
63
29
12
0
71
28
8
17
16
0
12
0
34
8
80
16
64
24
18
160
187
66
66
0
0
0
4
28
20
40
18
52
32
25
17
12
40
40
0
64
58
50
0
0
160
14
248
9
18
10
8
8
40
64
16
0
16
12
36
84
34
30
16
16
81
20
0
52
14
34
4
124
40
12
12
9
4
0
78
47
2
12
33
20
23
50
44
0
108
37
12
12
99
259
44
16
20
10
12
108
0
160
4
12
34
56
0
11
67
35
0
8
23
42
132
18
12
0
4
183
312
366
21
14
32
32
18
32
8
25
33
3
0
8
307
58
16
0
32
87
20
0
14
308
18
90
0
256
0
32
22
20
130
0
36
96
32
35
0
18
0
2
0
4
4
62
30
32
29
60
14
9
10
35
0
18
7
24
16
6
23
212
8
0
0
17
4
17
28
43
51
0
267
40
27
36
24
4
28
20
72
72
12
18
108
1
16
28
20
0
12
10
12
3
27
11
50
106
51
299
151
0
0
0
150
88
0
3
687
8
0
86
6
28
16
235
41
8
5
54
17
12
35
10
0
34
0
32
0
52
9
206
22
0
20
10
25
28
16
32
53
72
0
8
68
9
24
14
60
50
20
199
109
31
236
0
40
40
12
14
0
0
80
6
30
0
24
19
7
18
410
24
20
28
18
75
0
48
30
215
104
90
46
48
3
30
98
64
53
318
24
28
62
6
15
38
0
32
23
73
64
40
16
39
22
48
0
0
21
18
39
10
13
4
24
16
5
21
4
156
26
16
0
12
298
0
0
0
115
34
30
26
43
0
36
0
6
16
4
18
192
4
125
63
34
2
32
8
30
196
110
116
53
12
32
18
20
0
17
0
240
0
8
4
20
10
10
12
29
24
16
8
36
3
17
20
24
16
32
12
36
24
0
173
87
10
8
182
0
0
49
3
491
0
42
16
0
0
0
0
51
0
16
88
8
10
20
0
0
36
42
0
5
80
106
24
62
37
9
24
20
16
104
12
2
35
24
0
24
0
27
221
0
6
16
10
12
96
28
16
44
131
18
32
92
164
0
10
0
32
0
0
3
18
29
14
76
45
64
40
1
0
17
16
0
28
0
0
16
12
21
144
211
93
32
0
31
3
64
88
56
94
0
81
105
8
20
4
20
50
30
12
104
12
4
212
0
0
0
11
0
18
30
0
132
82
24
13
20
34
1
17
0
119
4
0
0
24
18
22
51
0
32
38
0
10
160
0
8
56
116
25
0
28
34
40
17
35
44
32
319
0
62
17
7
9
16
9
33
60
96
16
40
47
24
22
62
33
0
0
12
26
32
85
110
12
20
134
16
10
0
116
22
0
139
128
0
100
32
48
9
18
0
124
0
0
8
30
0
40
0
0
0
34
0
8
16
35
63
49
35
64
32
32
24
20
42
0
105
0
20
24
0
108
0
12
32
0
0
12
96
24
8
113
10
48
82
36
45
0
8
8
63
0
56
0
220
152
56
120
16
43
16
40
5
0
106
0
16
0
0
13
30
0
0
24
8
0
48
159
16
32
202
61
533
24
0
40
72
40
11
34
73
40
16
0
54
32
30
35
20
106
0
32
32
23
56
12
62
211
212
5
16
91
12
32
0
16
8
44
0
0
16
32
101
16
4
8
0
33
32
203
43
0
10
64
0
42
41
68
56
36
0
24
8
314
17
76
20
19
5
72
53
48
52
52
64
12
16
0
20
8
0
32
0
5
0
0
0
52
46
20
2
12
9
24
143
0
9
0
20
17
196
24
36
12
18
32
12
12
6
11
96
20
165
8
0
16
0
0
86
9
47
46
45
64
60
40
12
8
27
127
8
40
8
5
0
36
4
28
34
0
9
10
24
42
36
8
2
24
20
0
32
58
102
14
87
18
64
34
67
13
0
92
36
142
16
92
5
0
16
137
72
27
124
6
30
2
80
34
10
0
28
0
4
42
8
5
109
129
11
0
49
38
28
40
0
0
0
0
64
18
0
110
0
36
70
348
0
6
10
0
37
49
103
2
54
48
171
40
64
16
47
0
65
0
25
18
16
42
28
0
72
60
6
40
0
0
26
18
18
24
17
11
52
0
0
15
8
17
0
0
67
18
173
14
18
16
7
38
16
56
258
2
44
24
13
162
20
115
76
41
12
4
10
26
32
66
20
0
25
12
5
0
20
34
36
20
18
65
16
19
0
0
12
13
8
36
18
20
12
142
67
0
20
56
68
0
72
7
16
14
8
68
30
10
109
14
1
75
12
0
32
0
23
5
32
12
20
232
81
21
0
0
0
0
281
0
9
329
0
62
16
96
125
65
12
128
113
5
16
67
0
118
48
65
53
105
16
47
0
45
16
10
240
9
34
24
6
8
8
28
0
0
82
0
58
0
4
32
64
464
32
12
6
0
9
24
80
0
216
0
24
20
2
0
92
24
100
128
13
124
21
46
8
16
40
18
16
22
64
8
40
320
200
0
28
0
63
30
0
54
64
8
10
51
42
113
15
17
21
10
16
0
0
78
10
40
20
24
75
20
51
60
29
1
6
10
14
180
16
12
24
108
8
47
1
37
26
39
23
14
28
65
0
0
0
35
10
6
7
18
0
71
28
42
16
6
20
21
0
2
133
2
0
24
68
0
36
0
10
132
80
22
5
12
15
63
0
0
42
76
0
0
0
108
71
83
8
64
22
0
52
26
55
32
32
24
64
48
28
13
0
24
36
2
68
39
4
80
7
18
32
46
6
8
9
16
256
0
26
20
22
36
9
6
48
8
0
0
51
0
32
2
25
49
214
24
86
477
5
64
0
2
12
75
32
73
28
0
0
64
16
31
109
73
232
5
24
2
12
40
4
11
2
186
12
24
0
22
80
0
52
16
76
6
12
10
24
81
0
32
0
19
10
6
16
23
30
55
0
8
76
36
81
16
16
36
54
9
80
242
8
10
22
62
114
32
25
46
228
72
32
3
30
5
16
3
0
8
96
0
58
38
34
64
17
0
30
24
18
8
5
10
0
32
16
10
82
13
40
8
20
0
48
0
16
54
35
25
171
0
0
64
36
6
14
24
144
48
36
70
6
0
24
155
85
24
8
0
144
168
68
36
0
80
123
16
8
48
29
27
65
510
36
12
9
31
33
0
68
7
8
6
196
29
36
37
8
12
71
16
6
29
12
0
28
22
198
48
20
14
56
418
16
6
20
61
8
0
24
7
0
36
12
24
7
56
36
290
24
60
80
14
9
2
35
15
12
8
6
34
16
56
91
34
135
40
4
18
411
0
62
0
24
18
4
33
58
50
10
6
28
36
52
32
48
101
0
2
32
64
0
8
8
0
0
28
32
0
6
64
84
10
53
12
16
50
0
58
40
10
137
0
20
20
0
104
4
0
38
60
44
115
16
0
0
16
0
0
124
0
78
40
16
17
185
16
17
11
8
8
40
40
8
8
253
10
0
13
8
16
4
0
0
149
0
0
147
12
10
1021
12
22
48
0
16
97
86
117
0
45
4
12
41
0
76
0
36
4
16
0
17
18
27
46
32
37
11
36
8
16
17
204
30
36
6
30
16
12
0
24
88
0
26
6
20
36
128
24
142
0
214
14
12
160
17
6
8
18
19
8
24
8
0
0
39
11
12
20
26
36
24
0
0
0
21
111
4
51
14
43
48
27
4
15
3
66
4
4
16
4
0
60
44
11
17
0
41
0
37
16
0
64
104
20
143
0
15
0
86
28
16
40
33
8
12
46
33
62
11
22
91
28
2
18
64
16
60
35
40
0
0
76
68
149
48
4
30
92
47
2
0
31
8
12
14
16
15
72
32
0
36
0
0
13
27
0
0
96
2
39
4
8
32
68
52
11
8
0
8
64
21
3
15
17
143
8
12
16
68
36
38
19
16
143
42
24
0
32
28
24
24
48
41
134
24
44
87
8
8
4
0
32
59
6
44
19
34
1
0
16
165
24
51
0
36
8
155
20
20
122
86
24
33
72
45
3
20
32
1
0
44
0
0
32
9
22
8
0
128
0
20
0
4
74
0
0
20
93
0
3
2
36
40
86
138
174
106
16
12
36
28
0
0
0
27
28
0
16
12
8
92
92
22
28
34
32
36
14
29
64
7
71
15
19
78
67
8
16
36
148
0
32
39
36
222
64
17
12
24
20
29
0
10
85
24
0
22
0
0
16
18
19
36
166
0
8
17
26
24
16
230
17
24
8
0
28
12
38
14
0
24
12
10
74
0
0
16
68
24
64
161
27
32
4
20
24
16
28
12
22
18
174
100
24
6
34
60
16
10
2
24
54
40
166
59
33
60
24
9
28
38
53
12
0
40
74
21
32
24
26
0
33
214
126
0
92
17
16
16
8
46
0
40
32
16
30
8
8
52
0
17
10
32
36
66
8
53
122
4
0
36
234
31
95
0
14
10
22
322
101
17
28
0
45
34
40
22
36
0
88
0
32
0
126
0
30
6
10
4
14
32
20
40
144
22
3
12
74
0
77
4
52
32
19
64
8
186
17
40
44
26
7
20
41
6
14
18
56
16
29
0
150
38
12
39
128
0
20
12
24
0
0
6
1
0
118
3
2
22
14
88
0
8
0
6
72
3
42
14
0
15
107
23
128
36
20
31
99
58
115
19
43
4
47
186
12
36
11
57
0
148
11
40
0
20
9
23
24
8
20
70
0
24
0
6
32
13
7
1
117
16
34
0
24
56
0
53
0
5
20
0
20
34
0
36
100
12
4
40
32
64
8
0
44
28
16
16
109
28
0
16
84
144
40
6
26
18
0
67
112
18
0
64
10
32
43
10
31
24
10
86
52
4
16
6
0
79
0
32
8
8
22
0
26
66
24
8
18
31
0
54
75
76
4
0
25
63
124
0
11
0
4
61
0
10
14
0
0
12
8
18
179
20
64
128
23
704
16
11
0
12
72
0
18
10
20
0
0
0
169
69
6
0
6
7
90
41
16
0
8
8
26
36
48
0
45
34
45
64
16
4
40
102
2
10
7
0
164
64
24
55
64
54
0
70
17
10
10
27
8
0
0
0
7
32
56
0
63
20
64
52
46
3
31
16
18
173
48
24
4
64
34
21
0
48
101
80
51
31
8
86
16
62
21
0
54
85
96
112
44
256
39
29
20
0
24
0
60
0
0
36
62
0
0
56
0
39
56
0
24
0
76
3
0
29
129
2
15
5
30
16
4
16
51
139
16
0
16
53
0
4
48
38
0
48
45
0
8
20
80
35
9
96
0
0
8
16
99
0
38
0
1
50
0
52
52
23
0
47
10
124
6
20
36
16
45
36
50
50
69
10
4
3
0
6
52
8
0
0
32
12
0
8
40
0
0
18
20
12
11
8
58
22
66
22
10
0
11
18
0
66
12
56
0
6
2
140
8
64
15
24
79
24
36
0
28
34
46
23
24
24
27
128
16
106
12
2
0
0
8
219
