465
464
463
462
461
460
459
458
458
456
455
454
453
452
451
450
449
448
447
446
445
444
443
442
441
441
439
438
438
436
435
434
433
433
431
430
429
428
427
426
425
424
423
422
421
420
419
418
417
416
415
415
413
413
411
410
409
408
407
406
405
404
403
402
401
400
399
398
398
398
395
394
394
392
392
392
389
388
388
386
385
384
384
382
382
380
379
378
377
377
375
374
373
373
373
370
369
368
368
368
365
364
364
362
361
360
360
360
357
356
356
355
353
353
351
350
350
348
347
346
346
346
346
343
341
340
339
338
338
338
338
334
334
334
334
331
331
331
327
327
325
324
324
322
322
322
319
319
318
316
315
315
315
312
312
312
311
308
308
308
307
305
303
302
302
302
300
299
299
299
297
295
293
293
293
290
290
289
289
289
287
284
284
284
281
281
281
281
281
281
281
274
273
272
272
270
270
269
268
267
267
265
264
263
263
263
263
260
258
258
256
255
255
254
252
251
251
251
247
247
247
245
245
245
244
244
240
240
240
239
239
236
236
236
232
232
232
232
232
229
229
229
226
226
226
226
226
226
226
226
218
218
218
214
213
211
211
209
209
208
207
207
205
205
204
203
202
199
199
198
197
195
195
194
194
194
194
191
191
188
188
188
187
187
184
184
184
184
183
183
183
183
183
176
176
176
176
176
176
173
168
168
168
167
167
167
167
166
166
166
166
157
155
155
154
153
153
153
153
149
149
149
149
147
147
147
147
147
147
147
147
139
139
137
137
137
136
136
136
136
133
128
128
128
128
128
124
123
123
123
123
123
123
122
122
122
122
115
115
115
115
115
115
115
108
108
107
107
107
107
107
107
107
107
107
107
107
107
107
107
107
94
94
94
94
92
92
92
87
87
83
83
82
82
82
82
82
82
82
82
82
82
78
78
78
78
78
78
78
78
78
78
78
72
64
64
64
64
64
64
64
64
64
64
64
64
64
61
61
61
61
61
61
61
61
61
61
61
61
61
58
58
58
58
58
58
58
58
58
58
58
58
58
58
58
58
58
58
58
58
58
58
58
58
58
58
58
58
58
58
58
58
58
58
58
58
58
58
58
58
58
58
58
58
58
58
58
58
58
58
58
58
58
58
58
58
58
58
