1086423
1366547
5610027
1594751
2022137
1615033
1505735
1836117
2490693
1508755
4104086
1264873
1717182
2040893
1404751
3594033
1628291
1682293
1948057
2953089
1601209
1034835
3350529
1918068
1199791
3440731
1071518
2102952
3123049
1440741
1669917
3904889
1521613
3521911
4462533
1763299
1201161
2294175
1041105
2499374
2499759
3874877
3666067
5201548
2529061
980117
3375399
2784745
3095185
1684707
3983467
1716825
4734834
5599631
1258239
2257796
3527440
3786496
5000770
2739227
986815
1411098
2092912
1245507
1148239
1498387
1041105
1986251
2085585
1985003
1389809
1335711
2064957
2119783
3576694
3645032
2651907
1104315
5387018
2505381
2308983
2384741
3999952
1798081
2435413
4641763
2230655
1985003
1040433
1682293
1019925
1678901
5884961
1173767
2346867
1581099
1700725
1184477
3520915
2316243
3236627
2729335
1715583
1898142
1635409
2451067
1213735
1310909
3564333
1302919
2409729
3297498
2240226
2419877
1124857
2690319
2612507
1846160
2189525
1907837
1000833
5924502
2284633
1664615
2194483
1157755
2254080
4084528
1601133
4090377
3270038
2507707
2244549
3197150
2127675
3045735
1798081
3456652
993681
1750113
3722319
2961019
1005945
1881550
2930794
1570047
2239243
3100673
2586498
1396661
2579593
3826173
1597357
1440741
1389357
1327774
2694895
1581099
3460837
1603037
1400788
1860267
2002825
1457859
1581970
1762259
3499493
1769643
2690960
1363690
2328417
3442437
3561447
2787130
2763663
2900287
1264873
5289688
1446285
2012089
1387343
3854131
2107027
1689681
1927885
1758539
5205861
1756211
1561765
3003483
3066829
1104187
2163489
1517159
1106309
2953089
6254150
2714359
2472875
1882643
1903287
3348485
1756211
1300092
2273112
4436742
1124857
1040433
2021607
1764258
1321325
8175136
4048111
2834055
4185569
1142901
1829583
1276249
2273345
1953451
1899102
3079587
2063315
1198569
4321099
3064584
1463019
2467381
3244042
1441783
2027167
3660862
2058775
2122293
1804261
2331791
1199791
1946565
1187063
1043031
3662529
3005257
2832477
4340135
4874597
1970537
1577405
1902945
2332743
1946565
1663243
2806371
2252615
5046254
4477162
2684632
2717149
3003483
1635409
2000776
2721104
4343735
3575686
1542351
2622319
1641088
2246129
5996333
1157755
3966809
2850387
1043499
3711831
1675671
4702300
6899827
2470511
3006017
1763299
3119888
3376294
1064463
2855457
2981469
2774319
4379050
2688355
3954282
1442463
2126404
2409729
1135665
1155678
3295935
3277301
3476563
1817143
2363163
1829179
3243511
2143270
3869392
5866580
1785554
2680529
3729737
1628291
1613483
2674167
5402473
1632287
1787619
1882643
3004764
1709199
1674671
2051901
2239959
2065733
980117
3032138
2107960
1756839
3600982
2435413
1730553
2139486
1387343
2743719
2164309
1928213
1066851
1017711
2237593
1529151
1379419
1138196
1255710
2934170
1404751
1579809
1601133
1442463
1750113
1122641
3010853
1504753
1981152
2226253
3438678
2468797
4657997
986815
4456095
1813294
3182640
2286250
4481791
1079843
1748999
1442981
3848980
3280313
1551323
2515855
2740873
1829179
1476555
4868378
2740873
3595305
4166900
1133461
1076829
1457085
1461285
2824111
2174348
1922629
3040722
2058775
2596435
1007533
1856941
2740530
1588045
2085492
1334593
2902751
1815308
3442111
1483620
1550514
1783259
2143167
3629247
2683946
1018567
1517159
2063315
3662529
3011894
3946394
3852261
2967061
1057575
2578651
2563049
1742685
2501759
1321325
4292318
1206203
4384153
1577405
1756839
1452355
1149511
2419727
1452355
2007033
1289465
3404065
2555586
1875165
2651907
3684870
4014418
1143533
1970537
2091811
1473785
1413371
2430041
1876339
3475625
1520245
1029765
1334593
1551323
3360460
2622187
1679545
1142395
1521613
4298725
1442981
2541157
7807987
1249163
1296085
1715583
1758539
1972939
2619696
1804607
2222197
2020493
2484000
2032483
2024821
1449537
1834223
3328303
1335711
2729335
1104315
1258239
1922367
1770209
3490832
2222731
2346867
1027811
3831681
2246129
2310156
1251705
5524666
2050949
1773114
1520305
1043499
3626796
3892391
1868725
1680991
2584684
1143591
1398090
2240967
2373171
1504630
2599448
2188758
3069313
3422814
1027811
1856941
2272336
2694895
1316411
1556441
1960181
1955133
2773045
2040893
2704737
1157501
3186608
1000833
1442461
2071865
1655483
1875165
1651755
2771465
5291902
1676733
993681
1043031
2108780
1871323
2951931
1597357
2747966
3441444
1554710
4682055
2165641
2850105
1130832
4355418
5031393
1598037
2795893
1836117
1709925
1928213
2723459
1505735
2310829
1603037
2957540
1850475
2673815
1805075
1266441
3475575
1983425
4303158
2660867
1142901
1325099
1958031
1899467
1569359
3223629
3264237
5297773
2831625
1366547
2335313
3319425
1528707
2674611
2657070
2550401
1383748
2403245
1709925
3806285
2706394
2040502
1859090
1523221
1414770
5603876
1310909
1370029
1087509
4968002
2928352
3159030
4126246
1829449
2628250
2542853
2447691
2871313
1434447
1675671
1215257
1829583
1034835
5129504
1389809
2877984
980019
3273107
2128405
1352863
2832558
1206203
3006303
2868893
1276249
3602526
1674671
1542351
2873337
2766635
1104187
1594751
1935047
1557847
2918262
3325997
1186041
2225674
2583201
2855457
5459383
2699050
1656655
1651755
2472875
1632287
1187063
1498387
2451067
2955480
2779724
3050455
1201161
1575170
1370029
1013397
3010448
3851708
3456728
5205861
1804607
2667707
1716853
1804689
3059278
1122641
1652183
2622319
2650199
1494633
1017711
1570047
1441783
2446977
3393606
1942290
4771733
1878298
1462844
2109765
5178372
3408144
2244549
1079843
1198569
1569359
1762259
2050949
6111275
1142395
4590227
2605195
6064638
2673787
1562679
4290325
1577307
1737273
2516477
2996247
2328297
1022569
2846712
3363090
1184477
1479009
1786125
1611779
1964408
3261696
2313125
1778823
1385442
3069313
1764673
1294135
2164479
1294135
1601209
1894545
1515649
2087239
3742451
3118443
2447579
1782835
2608103
5145549
2102885
1145491
1841499
2507001
1557847
2954820
1656655
2585817
5235156
1494633
1764673
2747672
2732313
1045647
3695615
1876503
1680991
2070611
2323103
2709866
5404126
1679545
3169846
1770209
1149511
1520245
1899467
2541157
1215257
1516185
1143591
2757383
5395637
1143533
2032483
2546495
1829449
4963941
2239959
1245507
2262250
3623471
3451018
1420691
2978435
1022569
1782835
3751481
1251705
1361489
1191477
2235845
1556441
1950785
1045647
1907837
3433130
3302079
2447071
2170485
1834867
1970100
2496085
2122943
2596032
3417531
2779674
2710132
1070371
3123083
1456920
3325901
1415731
1885155
1018567
2818474
4931156
1457859
1520305
3213208
5362265
1588915
7838770
1655537
3710535
1647949
2759163
1528707
2404201
1434447
4009703
2704737
3280313
2099410
1953451
1841499
2631881
3876875
1887809
3214706
1005841
2515855
1191477
4431726
2169967
1657318
3536841
1814826
1005945
2507707
1834867
1553848
5441857
2201999
2429211
3808142
3214624
2916093
1997382
3122760
2600868
1705149
3729737
1807803
2674167
3768659
3217109
4286183
1389357
4077906
2622187
3274669
2259626
4321011
1259814
1013397
1609471
4070338
2318689
2175957
1633636
1807803
4610526
2681086
1986842
3298056
2122293
2758343
2892451
3268565
1461285
3168082
1983977
1831105
3623471
2744251
1477877
3732051
1087509
2220661
2308983
1507037
1588915
2721595
2585817
2096367
1005841
2107027
1515649
1869244
2285533
2902751
1922367
1839012
2127675
1879787
4645764
3486119
3137691
4373691
7480386
2540121
1871323
1019925
2175957
1070371
3277301
3178822
3748033
1538386
1669917
2239243
1742685
1746755
2376413
1655537
1106309
1173182
7725016
3273107
2966335
1825459
2446777
2817843
1449537
1407168
2470511
2799311
2424343
3510368
1396661
1674415
2350206
5902871
1956720
1253855
1066851
2093771
2496107
980019
3746976
4424815
3634729
1064463
1621393
3350529
2349236
3958202
1663243
1442461
1508755
2840441
1989217
2424343
4781129
2235100
1000009
2315433
1986251
1133461
1647949
3688682
1352863
2094517
1804261
1086423
1135665
1760034
3194385
1716853
2222731
6076497
1769643
2856218
1076829
4771733
1157501
1611779
4188864
1324353
2419727
1562679
2479272
3792991
2764721
3293753
4407850
2760527
1958031
1577307
3792157
3767944
1064919
3694846
1000009
2356035
1446285
2550401
3046750
4877474
1413371
1457085
2503697
2313125
2378325
1145491
1192715
1477877
3292824
4497672
