166
755
755
166
141
141
880
166
755
166
856
317
755
166
755
14
305
501
755
317
141
190
755
141
14
317
141
317
141
141
166
427
866
166
755
755
166
166
755
166
317
141
427
755
166
166
755
427
541
799
141
755
317
141
755
755
141
755
141
755
141
166
1
166
755
166
755
755
755
755
166
755
755
166
755
190
339
317
431
166
755
755
755
317
122
122
141
856
755
755
755
339
141
317
166
317
166
141
141
141
166
166
141
755
755
249
166
880
880
166
755
166
141
501
141
755
141
317
14
166
755
339
166
141
755
141
141
141
317
755
339
305
755
170
755
141
755
298
755
166
166
141
755
141
141
317
755
166
427
755
755
755
188
755
755
166
141
317
141
755
755
755
317
755
166
755
317
166
755
755
755
339
166
141
755
755
166
249
501
755
141
317
141
317
317
755
880
166
501
755
317
317
166
166
166
755
755
196
166
249
755
166
755
755
755
166
317
141
755
166
141
755
755
317
122
166
166
249
196
755
166
141
166
427
141
166
166
755
141
166
755
317
166
166
249
799
166
755
305
166
755
317
166
317
755
317
141
166
166
166
755
755
166
166
317
427
141
755
317
141
141
755
755
725
166
755
166
451
339
141
141
880
166
166
166
755
427
166
141
188
141
166
427
339
166
1
166
755
141
141
755
755
190
755
141
166
755
166
755
14
141
166
166
755
755
166
755
501
880
945
166
755
166
141
305
755
427
166
755
166
166
166
755
166
166
541
166
166
141
122
141
141
166
427
104
166
755
166
755
166
166
317
141
14
166
317
141
141
880
541
755
141
166
166
166
141
755
166
141
166
141
755
755
880
141
755
141
755
141
755
141
755
755
880
339
190
317
166
755
317
317
166
755
755
501
166
755
166
755
122
755
612
166
755
501
141
141
166
166
166
166
166
166
166
755
755
141
764
141
755
755
166
166
170
166
317
166
166
90
141
141
755
755
755
166
755
317
550
141
166
755
166
755
755
14
755
317
196
141
166
166
317
755
141
166
880
339
141
166
755
755
880
317
755
880
166
755
317
755
166
339
501
317
799
755
755
141
141
141
755
755
14
755
755
317
532
166
305
141
190
755
141
249
755
249
249
755
122
166
