115
150
91
340
83
257
87
239
344
178
60
335
357
330
57
75
541
168
169
273
93
183
61
193
198
140
170
373
475
51
406
13
81
7
215
370
226
112
267
429
280
246
145
197
127
179
325
546
469
358
209
200
363
112
169
90
354
233
117
316
411
270
315
100
99
104
292
24
264
241
135
546
55
112
224
208
213
307
24
499
231
75
179
105
419
356
163
130
18
12
142
54
71
24
181
226
116
26
340
531
46
202
18
39
368
105
285
130
29
243
441
412
45
181
7
102
56
91
463
5
421
344
191
30
137
21
404
124
185
167
55
488
16
51
169
137
28
354
343
299
238
132
19
365
25
252
385
413
245
56
215
24
7
388
267
74
184
37
118
60
188
97
360
181
184
29
191
105
486
150
25
37
173
129
87
182
293
212
463
281
202
156
506
16
30
130
442
343
406
47
139
80
402
373
75
234
220
26
57
15
167
73
373
398
74
412
431
86
48
81
170
380
315
480
299
307
127
223
226
52
44
331
225
271
250
94
160
102
34
488
29
223
306
419
316
323
136
184
331
167
509
125
26
289
435
392
159
53
194
195
144
27
122
304
145
101
79
156
343
29
181
137
239
26
393
95
88
495
402
228
365
138
19
94
133
144
182
97
225
7
215
404
368
254
89
240
83
351
518
274
156
197
145
348
281
91
23
56
234
155
290
239
288
105
79
246
62
163
128
113
40
22
49
107
356
354
284
249
167
268
7
38
101
373
400
45
338
248
29
184
485
20
12
275
462
180
217
149
140
524
19
188
464
249
225
315
13
266
240
55
148
183
129
479
18
298
135
494
279
54
419
348
72
343
188
23
424
164
26
16
284
235
313
13
30
332
57
295
316
266
251
352
86
96
217
139
402
459
299
78
280
144
179
97
46
406
112
118
232
298
51
140
495
96
267
74
200
156
152
444
52
460
114
319
114
285
130
118
185
43
55
57
29
145
20
131
376
45
4
30
266
48
52
132
162
137
83
465
161
166
351
182
28
63
109
460
102
65
208
136
416
145
175
84
290
333
327
253
179
188
355
364
80
208
266
356
72
200
109
167
472
410
261
103
135
105
137
19
59
417
469
331
222
105
111
12
286
219
311
356
249
128
185
399
78
84
97
201
160
148
23
109
52
412
134
74
402
19
423
410
218
149
416
330
25
265
285
100
125
356
128
314
174
466
304
402
213
233
2
422
434
37
160
190
409
2
112
84
361
267
112
487
41
402
356
234
55
409
243
66
160
478
492
45
1
5
388
354
235
0
180
18
437
283
88
193
337
210
353
29
109
194
52
215
523
208
400
250
94
275
100
202
374
471
245
116
202
23
112
132
328
94
231
283
208
354
20
335
182
133
118
427
185
413
343
23
442
91
350
398
393
52
455
226
245
180
143
316
328
99
404
46
149
324
225
177
147
62
6
132
94
12
114
220
69
19
205
267
280
331
365
243
102
310
289
464
278
317
245
93
112
185
93
2
273
327
16
498
321
7
118
442
156
342
72
198
125
13
348
51
381
257
115
144
315
522
2
286
84
12
180
125
262
162
21
108
93
252
2
364
115
518
442
132
306
364
184
123
4
330
41
235
444
103
323
177
20
180
201
13
265
68
290
148
105
193
74
132
472
49
299
101
347
15
440
222
20
175
281
257
151
228
182
135
308
201
444
183
316
132
246
311
389
223
337
372
136
357
151
361
283
26
348
173
38
223
295
128
280
251
478
77
130
63
104
140
249
136
152
32
26
182
86
185
192
157
386
132
169
125
167
45
92
188
225
54
229
7
396
109
307
347
243
54
240
254
460
474
170
352
140
336
275
112
80
328
292
280
60
427
177
230
94
132
165
137
440
46
48
91
71
137
226
136
381
178
427
300
314
250
180
102
238
149
119
99
144
19
182
349
133
469
197
38
368
92
537
109
256
13
103
182
257
131
440
89
77
98
83
282
156
480
279
160
252
179
202
291
168
158
274
79
226
75
156
155
144
386
164
52
454
387
149
252
299
147
66
235
247
533
56
295
1
107
69
381
446
391
185
228
108
178
333
112
299
402
114
242
249
108
236
371
256
333
105
166
310
165
284
373
137
71
56
19
170
147
63
176
125
150
400
29
0
49
390
15
10
299
217
351
379
137
295
205
129
359
88
132
171
181
331
104
230
184
362
190
103
310
226
430
340
82
127
162
527
213
407
512
144
218
249
136
120
504
239
267
34
268
40
12
346
81
159
55
309
38
72
105
185
257
166
162
142
274
30
198
368
137
437
88
43
427
145
440
226
212
267
136
367
24
316
207
492
350
208
388
335
283
364
364
224
117
307
10
112
170
156
396
291
220
287
133
217
34
217
285
315
75
67
321
81
193
245
223
249
208
286
399
35
1
400
248
226
185
239
274
57
79
306
79
508
151
253
374
477
252
334
25
109
186
219
118
4
202
187
235
157
109
97
185
264
212
21
228
412
365
229
219
102
100
170
238
239
311
312
79
184
69
308
332
236
365
311
315
4
335
174
430
33
185
123
422
156
196
388
472
422
220
339
152
36
491
115
177
145
502
51
183
118
304
96
118
280
454
360
309
27
115
224
460
204
56
224
102
187
404
371
168
7
55
475
109
350
268
56
189
27
51
454
399
102
430
301
373
84
362
74
185
21
242
137
488
267
481
249
114
428
524
112
83
115
51
460
401
129
29
340
435
292
117
349
198
193
256
301
136
501
9
407
332
43
508
257
217
94
52
109
268
318
437
187
23
218
348
107
160
447
231
193
87
94
162
227
123
257
350
422
267
63
109
182
185
118
56
36
183
356
472
7
419
273
163
264
148
187
141
94
73
365
25
83
354
327
163
361
133
78
399
527
65
305
252
301
215
111
188
18
478
363
100
326
392
156
93
133
484
257
228
79
37
457
168
363
117
128
235
180
228
184
219
43
102
173
243
122
109
156
192
4
396
336
495
477
143
112
347
306
168
26
226
77
342
234
336
274
43
404
504
161
274
196
54
37
182
4
299
130
285
235
250
226
136
108
55
318
484
135
30
272
119
156
317
488
60
218
99
129
340
301
188
287
235
4
21
206
241
13
204
257
495
124
296
33
1
252
146
534
309
19
347
129
81
249
156
266
135
43
182
81
386
152
436
230
337
307
353
7
4
384
220
81
521
157
136
372
331
43
136
19
533
365
4
60
111
239
330
44
115
85
34
27
424
275
35
363
288
20
88
308
167
311
85
102
350
348
230
548
410
1
120
351
344
15
294
224
147
274
114
190
180
348
29
123
182
215
410
162
298
46
222
69
109
174
312
78
135
239
6
291
334
293
158
141
211
459
81
49
160
147
215
76
290
168
374
184
440
168
335
192
360
43
246
239
252
147
136
109
321
122
95
135
103
366
270
77
433
68
250
341
264
220
66
4
182
321
236
58
388
461
63
229
198
83
71
478
19
307
272
90
236
58
251
250
205
315
480
506
242
122
359
374
293
458
47
360
111
230
447
250
318
381
140
374
22
123
181
355
63
114
29
373
194
12
104
335
109
163
364
93
112
262
532
136
546
77
252
13
440
267
339
480
335
223
188
228
70
128
34
210
186
238
147
137
158
133
374
430
330
51
40
406
149
133
293
19
223
4
192
252
544
360
158
498
223
29
25
185
243
174
228
348
79
245
471
120
385
256
152
19
128
223
188
439
431
231
268
44
321
152
182
231
177
218
337
517
6
83
229
132
187
49
543
241
38
338
143
1
222
224
370
117
79
174
45
417
146
43
293
63
280
63
422
412
93
335
391
6
135
160
140
121
213
56
118
71
177
68
250
197
231
16
250
299
12
125
142
125
30
87
359
312
531
38
51
326
333
63
81
206
119
188
124
188
88
26
29
124
477
59
99
373
43
63
155
75
429
304
360
277
102
516
413
398
263
71
142
335
118
182
322
23
103
130
407
38
350
26
24
63
136
415
488
471
377
56
136
6
69
137
38
25
433
128
36
132
125
176
204
503
88
52
347
180
50
372
182
71
299
173
498
498
222
149
340
133
197
334
68
340
273
182
14
427
184
228
334
118
120
313
264
33
240
526
453
107
207
429
205
474
97
100
193
142
503
322
178
112
55
419
139
181
6
232
233
12
103
308
223
394
114
69
46
224
208
377
379
160
42
91
451
181
93
109
304
389
422
181
184
25
147
182
252
310
58
4
222
480
266
149
130
398
123
4
84
101
188
107
88
223
54
135
413
260
12
463
312
422
81
300
247
166
177
133
325
107
353
484
541
44
299
346
108
312
224
97
391
245
241
239
109
266
304
518
291
132
222
194
166
215
131
130
445
145
290
260
367
301
273
264
366
12
458
133
69
129
504
546
114
345
19
293
445
349
11
111
25
124
42
74
156
175
32
24
125
537
231
274
206
26
245
419
7
440
34
335
245
482
183
330
385
73
98
117
246
285
253
477
165
116
226
117
181
125
395
393
487
6
387
274
20
228
114
95
224
206
193
368
105
326
28
339
123
152
115
251
444
122
6
182
63
207
321
181
202
57
374
224
177
214
455
